<?xml version="1.0" encoding="UTF-8"?>
<!-- Generated by org.testng.reporters.JUnitReportReporter -->
<testsuite hostname="RajinikanthRakesh" failures="0" tests="3" name="cucumberOptions.TestRunner" time="95.693" errors="0" timestamp="2021-10-15T00:39:40 IST" skipped="0">
  <testcase classname="cucumberOptions.TestRunner" name="runScenario" time="27.178"/>
  <system-out/>
  <testcase classname="cucumberOptions.TestRunner" name="runScenario" time="34.068"/>
  <system-out/>
  <testcase classname="cucumberOptions.TestRunner" name="runScenario" time="34.447"/>
  <system-out/>
</testsuite> <!-- cucumberOptions.TestRunner -->
