<?xml version="1.0" encoding="UTF-8"?>
<!-- Generated by org.testng.reporters.JUnitReportReporter -->
<testsuite skipped="0" hostname="RajinikanthRakesh" name="Institute.E2EProject.HomePage" tests="2" failures="0" timestamp="2021-10-01T22:22:37 IST" time="17.842" errors="0">
  <testcase name="basePageNavigation" time="11.088" classname="Institute.E2EProject.HomePage"/>
  <system-out/>
  <testcase name="basePageNavigation" time="6.754" classname="Institute.E2EProject.HomePage"/>
  <system-out/>
</testsuite> <!-- Institute.E2EProject.HomePage -->
