<?xml version="1.0" encoding="UTF-8"?>
<!-- Generated by org.testng.reporters.JUnitReportReporter -->
<testsuite skipped="0" hostname="RajinikanthRakesh" name="cucumberOptions.TestRunner" tests="3" failures="0" timestamp="2021-10-16T21:41:21 IST" time="131.152" errors="0">
  <testcase name="runScenario" time="67.053" classname="cucumberOptions.TestRunner"/>
  <system-out/>
  <testcase name="runScenario" time="32.075" classname="cucumberOptions.TestRunner"/>
  <system-out/>
  <testcase name="runScenario" time="32.024" classname="cucumberOptions.TestRunner"/>
  <system-out/>
</testsuite> <!-- cucumberOptions.TestRunner -->
